[2019-03-11 23:15:04,061] INFO:huey.consumer:3902:Huey consumer started with 10 process, PID 3902
[2019-03-11 23:15:04,061] INFO:huey.consumer:3902:Scheduler runs every 1 second(s).
[2019-03-11 23:15:04,061] INFO:huey.consumer:3902:Periodic tasks are disabled.
[2019-03-11 23:15:04,062] INFO:huey.consumer:3902:UTC is enabled.
[2019-03-11 23:15:04,062] INFO:huey.consumer:3902:The following commands are available:
+ queue_task_run_task
[2019-03-11 23:15:04,240] INFO:huey.consumer.Worker:3906:Executing worker.queue_task_run_task: 6eef9199-6ad1-4ef2-9201-6c20ca5638b0
[2019-03-11 23:15:04,243] INFO:huey.consumer.Worker:3907:Executing worker.queue_task_run_task: 68fa9e3f-5d91-4c8f-9bac-c7e97b062b05
[2019-03-11 23:15:04,249] INFO:huey.consumer.Worker:3908:Executing worker.queue_task_run_task: f44b222a-c095-4ec2-b278-8bfc8e271485
[2019-03-11 23:15:04,263] INFO:huey.consumer.Worker:3910:Executing worker.queue_task_run_task: 86ea11bf-6bc9-4f01-bb6a-675f7edf090e
[2019-03-11 23:15:04,262] INFO:huey.consumer.Worker:3909:Executing worker.queue_task_run_task: 10d447ef-f915-4201-83c5-a0079b9649ca
[2019-03-11 23:15:04,282] INFO:huey.consumer.Worker:3912:Executing worker.queue_task_run_task: 5388d577-9c93-4043-a488-fa2725c3caa0
[2019-03-11 23:15:04,281] INFO:huey.consumer.Worker:3911:Executing worker.queue_task_run_task: 61d27e9d-58af-4952-9ecc-78ac09529685
[2019-03-11 23:15:04,298] INFO:huey.consumer.Worker:3913:Executing worker.queue_task_run_task: 6f2551ae-7f1e-4815-9b6c-8f20b980b600
[2019-03-11 23:15:04,312] INFO:huey.consumer.Worker:3914:Executing worker.queue_task_run_task: 0fe06935-20f1-40e1-bdef-613ef4ad1cdf
[2019-03-11 23:15:04,313] INFO:huey.consumer.Worker:3915:Executing worker.queue_task_run_task: 11461fdb-c4f7-40fc-a32d-784b60a82607
[2019-03-11 23:34:53,522] INFO:huey.consumer:3902:Received SIGINT
[2019-03-11 23:34:53,553] INFO:huey.consumer:3902:Shutting down gracefully...
[2019-03-12 10:27:06,628] INFO:huey.consumer:8231:Huey consumer started with 10 process, PID 8231
[2019-03-12 10:27:06,644] INFO:huey.consumer:8231:Scheduler runs every 1 second(s).
[2019-03-12 10:27:06,644] INFO:huey.consumer:8231:Periodic tasks are disabled.
[2019-03-12 10:27:06,644] INFO:huey.consumer:8231:UTC is enabled.
[2019-03-12 10:27:06,645] INFO:huey.consumer:8231:The following commands are available:
+ queue_task_run_task
[2019-03-12 10:27:06,762] INFO:huey.consumer.Worker:8235:Executing worker.queue_task_run_task: 318c8556-71cf-4053-aefa-663f40918c63
[2019-03-12 10:27:06,766] INFO:huey.consumer.Worker:8236:Executing worker.queue_task_run_task: 82559579-ae75-4562-a28c-861053ba3d0b
[2019-03-12 10:27:06,768] INFO:huey.consumer.Worker:8238:Executing worker.queue_task_run_task: 2c3fab12-d85d-4fe9-8754-46f46ef9a72c
[2019-03-12 10:27:06,769] INFO:huey.consumer.Worker:8237:Executing worker.queue_task_run_task: 046ddc38-1023-4b09-96f0-e067e7546ead
[2019-03-12 10:27:06,786] INFO:huey.consumer.Worker:8239:Executing worker.queue_task_run_task: 8cbd3feb-d80c-4800-ac1c-978731ff2e36
[2019-03-12 10:27:06,792] INFO:huey.consumer.Worker:8240:Executing worker.queue_task_run_task: 29955233-02bf-4115-be5b-aca2c75b65fd
[2019-03-12 10:27:06,808] INFO:huey.consumer.Worker:8241:Executing worker.queue_task_run_task: 5a911c52-64ef-45d4-82ec-e5169f034bd8
[2019-03-12 10:27:06,810] INFO:huey.consumer.Worker:8242:Executing worker.queue_task_run_task: 395faa80-3394-41e1-b3b0-557db5ffeb9b
[2019-03-12 10:27:06,817] INFO:huey.consumer.Worker:8243:Executing worker.queue_task_run_task: 09f89c16-7aa3-4655-b6e0-f1474374747c
[2019-03-12 10:27:06,818] INFO:huey.consumer.Worker:8244:Executing worker.queue_task_run_task: 2ddc17e9-cfc1-4fb0-b21e-2439d7651b98
[2019-03-12 10:55:35,718] INFO:huey.consumer.Scheduler:8234:scheduler skipping iteration to avoid race.
[2019-03-12 11:09:19,598] INFO:huey.consumer:8231:Received SIGINT
[2019-03-12 11:09:19,774] INFO:huey.consumer:8231:Shutting down gracefully...
